[2026-04-30 00:07:22] [INFO]: Usuario 'admin' inició sesión exitosamente.
[2026-04-30 00:16:13] [INFO]: Usuario 'admin' inició sesión exitosamente.
[2026-04-30 00:35:14] [INFO]: Nuevo usuario administrativo creado: 'EDWIN_01' por 2
[2026-04-30 00:36:34] [INFO]: Usuario ID 3 eliminado por 2
[2026-04-30 00:36:48] [INFO]: Nuevo usuario administrativo creado: 'EDWIN_01' por 2
[2026-04-30 00:46:24] [INFO]: Usuario 'admin' inició sesión exitosamente.
[2026-04-30 00:47:35] [INFO]: Usuario 'admin' inició sesión exitosamente.
[2026-04-30 00:55:18] [SECURITY]: Intento de login fallido para usuario: 'admin'
[2026-04-30 00:55:26] [INFO]: Usuario 'admin' inició sesión exitosamente.
[2026-04-30 00:58:42] [INFO]: Usuario 'admin' inició sesión exitosamente.
[2026-04-30 01:27:43] [INFO]: Usuario 'admin' inició sesión exitosamente.
[2026-04-30 01:31:30] [INFO]: Usuario 'admin' migró contraseña e inició sesión.
[2026-04-30 01:47:55] [INFO]: Usuario 'admin' migró contraseña e inició sesión.
[2026-04-30 02:13:43] [INFO]: Usuario 'admin' migró contraseña e inició sesión.
[2026-04-30 02:35:10] [INFO]: Hoja de Vida actualizada para Empleado ID 2
[2026-04-30 02:35:38] [INFO]: Hoja de Vida actualizada para Empleado ID 2
[2026-04-30 02:35:54] [INFO]: Hoja de Vida actualizada para Empleado ID 2
[2026-04-30 02:36:12] [INFO]: Hoja de Vida actualizada para Empleado ID 2
[2026-04-30 02:36:57] [INFO]: Hoja de Vida actualizada para Empleado ID 2
[2026-04-30 02:36:58] [INFO]: Hoja de Vida actualizada para Empleado ID 2
[2026-04-30 02:42:49] [INFO]: Hoja de Vida actualizada para Empleado ID 1
[2026-04-30 02:47:02] [INFO]: Usuario 'admin' inició sesión exitosamente.
[2026-04-30 02:54:44] [INFO]: Usuario 'admin' inició sesión exitosamente.
[2026-04-30 02:57:17] [INFO]: Usuario 'admin' inició sesión exitosamente.
[2026-04-30 02:58:54] [INFO]: Usuario 'admin' inició sesión exitosamente.
[2026-04-30 03:00:14] [INFO]: Usuario 'admin' inició sesión exitosamente.
[2026-04-30 03:00:51] [INFO]: Usuario 'admin' inició sesión exitosamente.
[2026-04-30 03:07:39] [INFO]: Usuario 'admin' inició sesión exitosamente.
[2026-04-30 03:08:02] [INFO]: Usuario 'admin' inició sesión exitosamente.
[2026-04-30 15:06:47] [INFO] [IP: ::1] [AdminID: 2]: Usuario 'admin' inició sesión exitosamente.
[2026-04-30 08:09:27] [AUDIT] [IP: ::1] [AdminID: GUEST]: Asistencia registrada: Empleado Edwin Brayan Benavides (ID 2) en Sede ID 1 - Tipo: Entrada
[2026-04-30 15:09:36] [INFO] [IP: ::1] [AdminID: 2]: Usuario 'admin' inició sesión exitosamente.
[2026-04-30 15:10:33] [INFO] [IP: ::1] [AdminID: 2]: Nuevo usuario administrativo creado: 'EDWIN_01' por 2
[2026-04-30 15:10:52] [INFO] [IP: ::1] [AdminID: 3]: Usuario 'EDWIN_01' inició sesión exitosamente.
[2026-04-30 15:11:31] [INFO] [IP: ::1] [AdminID: 2]: Usuario 'admin' inició sesión exitosamente.
[2026-04-30 15:25:59] [INFO] [IP: ::1] [AdminID: 2]: Usuario 'admin' inició sesión exitosamente.
[2026-04-30 15:27:43] [INFO] [IP: ::1] [AdminID: 3]: Usuario 'EDWIN_01' inició sesión exitosamente.
[2026-04-30 15:28:20] [INFO] [IP: ::1] [AdminID: 2]: Usuario 'admin' inició sesión exitosamente.
[2026-04-30 17:47:06] [AUDIT] [IP: ::1] [AdminID: GUEST]: Asistencia registrada: Empleado Edwin Brayan Benavides (ID 2) en Sede ID 1 - Tipo: Salida
